SF:lib\workout_recorder.dart
DA:6,2
DA:8,1
DA:9,1
DA:21,1
DA:23,1
DA:24,1
DA:27,1
DA:29,1
DA:34,1
DA:35,1
DA:39,0
DA:40,0
DA:41,0
DA:44,2
DA:45,1
DA:46,1
DA:48,1
DA:50,1
DA:53,1
DA:54,1
DA:61,1
DA:62,2
DA:70,1
DA:71,1
DA:72,2
DA:73,1
DA:74,1
DA:75,4
DA:76,4
DA:87,1
DA:88,2
DA:89,3
DA:90,2
DA:91,2
DA:92,2
DA:93,2
DA:96,2
DA:98,2
LF:38
LH:35
end_of_record
SF:lib\points_provider.dart
DA:9,0
DA:10,0
DA:11,0
DA:15,0
DA:16,0
DA:18,0
DA:20,0
DA:22,0
DA:31,0
DA:32,0
DA:34,0
DA:36,0
DA:39,0
DA:42,0
DA:45,0
DA:46,0
DA:48,0
LF:17
LH:0
end_of_record
